<?xml version="1.0" encoding="UTF-8"?>
<!-- Generated by org.testng.reporters.JUnitReportReporter -->
<testsuite hostname="Abhijith" failures="0" tests="1" name="login.TC_DWS_002_Test" time="2.864" errors="0" timestamp="2023-10-21T15:48:54 IST" skipped="0">
  <testcase classname="login.TC_DWS_002_Test" name="loginToApp" time="2.864"/>
  <system-out/>
</testsuite> <!-- login.TC_DWS_002_Test -->
